This file contains any messages produced by compilers while
running configure, to aid debugging if configure makes a mistake.

It was created by nanomsg configure 0.8-beta, which was
generated by GNU Autoconf 2.69.  Invocation command line was

  $ ./configure 

## --------- ##
## Platform. ##
## --------- ##

hostname = roman-ubuntu
uname -m = x86_64
uname -r = 3.13.0-62-generic
uname -s = Linux
uname -v = #102-Ubuntu SMP Tue Aug 11 14:29:36 UTC 2015

/usr/bin/uname -p = unknown
/bin/uname -X     = unknown

/bin/arch              = unknown
/usr/bin/arch -k       = unknown
/usr/convex/getsysinfo = unknown
/usr/bin/hostinfo      = unknown
/bin/machine           = unknown
/usr/bin/oslevel       = unknown
/bin/universe          = unknown

PATH: /usr/local/heroku/bin
PATH: /usr/share/ant/bin
PATH: /home/roman/work/android-sdk/tools
PATH: /home/roman/work/android-sdk/platform-tools
PATH: /home/roman/work/android-sdk
PATH: /home/roman/work/android-ndk-r10e
PATH: /home/roman/work/cocos/cocos2d-x-3.8.1/templates
PATH: /home/roman/work/cocos/cocos2d-x-3.8.1/tools/cocos2d-console/bin
PATH: /usr/local/sbin
PATH: /usr/local/bin
PATH: /usr/sbin
PATH: /usr/bin
PATH: /sbin
PATH: /bin
PATH: /usr/games
PATH: /usr/local/games


## ----------- ##
## Core tests. ##
## ----------- ##

configure:2290: checking for a BSD-compatible install
configure:2358: result: /usr/bin/install -c
configure:2369: checking whether build environment is sane
configure:2424: result: yes
configure:2575: checking for a thread-safe mkdir -p
configure:2614: result: /bin/mkdir -p
configure:2621: checking for gawk
configure:2637: found /usr/bin/gawk
configure:2648: result: gawk
configure:2659: checking whether make sets $(MAKE)
configure:2681: result: yes
configure:2710: checking whether make supports nested variables
configure:2727: result: yes
configure:2816: checking whether UID '1000' is supported by ustar format
configure:2819: result: yes
configure:2826: checking whether GID '1000' is supported by ustar format
configure:2829: result: yes
configure:2837: checking how to create a ustar tar archive
configure:2848: tar --version
tar (GNU tar) 1.27.1
Copyright (C) 2013 Free Software Foundation, Inc.
License GPLv3+: GNU GPL version 3 or later <http://gnu.org/licenses/gpl.html>.
This is free software: you are free to change and redistribute it.
There is NO WARRANTY, to the extent permitted by law.

Written by John Gilmore and Jay Fenlason.
configure:2851: $? = 0
configure:2891: tardir=conftest.dir && eval tar --format=ustar -chf - "$tardir" >conftest.tar
configure:2894: $? = 0
configure:2898: tar -xf - <conftest.tar
configure:2901: $? = 0
configure:2903: cat conftest.dir/file
GrepMe
configure:2906: $? = 0
configure:2919: result: gnutar
configure:2979: checking whether make supports nested variables
configure:2996: result: yes
configure:3013: checking build system type
configure:3027: result: x86_64-unknown-linux-gnu
configure:3047: checking host system type
configure:3060: result: x86_64-unknown-linux-gnu
configure:3085: checking for a sed that does not truncate output
configure:3149: result: /bin/sed
configure:3158: checking for gawk
configure:3185: result: gawk
configure:3205: nanomsg package version: 0.8-beta
configure:3207: nanomsg ABI version: 4.0.0
configure:3226: checking for style of include used by make
configure:3254: result: GNU
configure:3325: checking for gcc
configure:3341: found /usr/bin/gcc
configure:3352: result: gcc
configure:3581: checking for C compiler version
configure:3590: gcc --version >&5
gcc (Ubuntu 4.8.4-2ubuntu1~14.04) 4.8.4
Copyright (C) 2013 Free Software Foundation, Inc.
This is free software; see the source for copying conditions.  There is NO
warranty; not even for MERCHANTABILITY or FITNESS FOR A PARTICULAR PURPOSE.

configure:3601: $? = 0
configure:3590: gcc -v >&5
Using built-in specs.
COLLECT_GCC=gcc
COLLECT_LTO_WRAPPER=/usr/lib/gcc/x86_64-linux-gnu/4.8/lto-wrapper
Target: x86_64-linux-gnu
Configured with: ../src/configure -v --with-pkgversion='Ubuntu 4.8.4-2ubuntu1~14.04' --with-bugurl=file:///usr/share/doc/gcc-4.8/README.Bugs --enable-languages=c,c++,java,go,d,fortran,objc,obj-c++ --prefix=/usr --program-suffix=-4.8 --enable-shared --enable-linker-build-id --libexecdir=/usr/lib --without-included-gettext --enable-threads=posix --with-gxx-include-dir=/usr/include/c++/4.8 --libdir=/usr/lib --enable-nls --with-sysroot=/ --enable-clocale=gnu --enable-libstdcxx-debug --enable-libstdcxx-time=yes --enable-gnu-unique-object --disable-libmudflap --enable-plugin --with-system-zlib --disable-browser-plugin --enable-java-awt=gtk --enable-gtk-cairo --with-java-home=/usr/lib/jvm/java-1.5.0-gcj-4.8-amd64/jre --enable-java-home --with-jvm-root-dir=/usr/lib/jvm/java-1.5.0-gcj-4.8-amd64 --with-jvm-jar-dir=/usr/lib/jvm-exports/java-1.5.0-gcj-4.8-amd64 --with-arch-directory=amd64 --with-ecj-jar=/usr/share/java/eclipse-ecj.jar --enable-objc-gc --enable-multiarch --disable-werror --with-arch-32=i686 --with-abi=m64 --with-multilib-list=m32,m64,mx32 --with-tune=generic --enable-checking=release --build=x86_64-linux-gnu --host=x86_64-linux-gnu --target=x86_64-linux-gnu
Thread model: posix
gcc version 4.8.4 (Ubuntu 4.8.4-2ubuntu1~14.04) 
configure:3601: $? = 0
configure:3590: gcc -V >&5
gcc: error: unrecognized command line option '-V'
gcc: fatal error: no input files
compilation terminated.
configure:3601: $? = 4
configure:3590: gcc -qversion >&5
gcc: error: unrecognized command line option '-qversion'
gcc: fatal error: no input files
compilation terminated.
configure:3601: $? = 4
configure:3621: checking whether the C compiler works
configure:3643: gcc    conftest.c  >&5
configure:3647: $? = 0
configure:3695: result: yes
configure:3698: checking for C compiler default output file name
configure:3700: result: a.out
configure:3706: checking for suffix of executables
configure:3713: gcc -o conftest    conftest.c  >&5
configure:3717: $? = 0
configure:3739: result: 
configure:3761: checking whether we are cross compiling
configure:3769: gcc -o conftest    conftest.c  >&5
configure:3773: $? = 0
configure:3780: ./conftest
configure:3784: $? = 0
configure:3799: result: no
configure:3804: checking for suffix of object files
configure:3826: gcc -c   conftest.c >&5
configure:3830: $? = 0
configure:3851: result: o
configure:3855: checking whether we are using the GNU C compiler
configure:3874: gcc -c   conftest.c >&5
configure:3874: $? = 0
configure:3883: result: yes
configure:3892: checking whether gcc accepts -g
configure:3912: gcc -c -g  conftest.c >&5
configure:3912: $? = 0
configure:3953: result: yes
configure:3970: checking for gcc option to accept ISO C89
configure:4033: gcc  -c -g -O2  conftest.c >&5
configure:4033: $? = 0
configure:4046: result: none needed
configure:4071: checking whether gcc understands -c and -o together
configure:4093: gcc -c conftest.c -o conftest2.o
configure:4096: $? = 0
configure:4093: gcc -c conftest.c -o conftest2.o
configure:4096: $? = 0
configure:4108: result: yes
configure:4127: checking dependency style of gcc
configure:4238: result: gcc3
configure:4253: checking for gcc option to accept ISO C99
configure:4402: gcc  -c -g -O2  conftest.c >&5
conftest.c:61:29: error: expected ';', ',' or ')' before 'text'
 test_restrict (ccp restrict text)
                             ^
conftest.c: In function 'main':
conftest.c:115:18: error: expected '=', ',', ';', 'asm' or '__attribute__' before 'newvar'
   char *restrict newvar = "Another string";
                  ^
conftest.c:115:18: error: 'newvar' undeclared (first use in this function)
conftest.c:115:18: note: each undeclared identifier is reported only once for each function it appears in
conftest.c:125:3: error: 'for' loop initial declarations are only allowed in C99 mode
   for (int i = 0; i < ia->datasize; ++i)
   ^
conftest.c:125:3: note: use option -std=c99 or -std=gnu99 to compile your code
configure:4402: $? = 1
configure: failed program was:
| /* confdefs.h */
| #define PACKAGE_NAME "nanomsg"
| #define PACKAGE_TARNAME "nanomsg"
| #define PACKAGE_VERSION "0.8-beta"
| #define PACKAGE_STRING "nanomsg 0.8-beta"
| #define PACKAGE_BUGREPORT "nanomsg@freelists.org"
| #define PACKAGE_URL "http://nanomsg.org/"
| #define PACKAGE "nanomsg"
| #define VERSION "0.8-beta"
| /* end confdefs.h.  */
| #include <stdarg.h>
| #include <stdbool.h>
| #include <stdlib.h>
| #include <wchar.h>
| #include <stdio.h>
| 
| // Check varargs macros.  These examples are taken from C99 6.10.3.5.
| #define debug(...) fprintf (stderr, __VA_ARGS__)
| #define showlist(...) puts (#__VA_ARGS__)
| #define report(test,...) ((test) ? puts (#test) : printf (__VA_ARGS__))
| static void
| test_varargs_macros (void)
| {
|   int x = 1234;
|   int y = 5678;
|   debug ("Flag");
|   debug ("X = %d\n", x);
|   showlist (The first, second, and third items.);
|   report (x>y, "x is %d but y is %d", x, y);
| }
| 
| // Check long long types.
| #define BIG64 18446744073709551615ull
| #define BIG32 4294967295ul
| #define BIG_OK (BIG64 / BIG32 == 4294967297ull && BIG64 % BIG32 == 0)
| #if !BIG_OK
|   your preprocessor is broken;
| #endif
| #if BIG_OK
| #else
|   your preprocessor is broken;
| #endif
| static long long int bignum = -9223372036854775807LL;
| static unsigned long long int ubignum = BIG64;
| 
| struct incomplete_array
| {
|   int datasize;
|   double data[];
| };
| 
| struct named_init {
|   int number;
|   const wchar_t *name;
|   double average;
| };
| 
| typedef const char *ccp;
| 
| static inline int
| test_restrict (ccp restrict text)
| {
|   // See if C++-style comments work.
|   // Iterate through items via the restricted pointer.
|   // Also check for declarations in for loops.
|   for (unsigned int i = 0; *(text+i) != '\0'; ++i)
|     continue;
|   return 0;
| }
| 
| // Check varargs and va_copy.
| static void
| test_varargs (const char *format, ...)
| {
|   va_list args;
|   va_start (args, format);
|   va_list args_copy;
|   va_copy (args_copy, args);
| 
|   const char *str;
|   int number;
|   float fnumber;
| 
|   while (*format)
|     {
|       switch (*format++)
| 	{
| 	case 's': // string
| 	  str = va_arg (args_copy, const char *);
| 	  break;
| 	case 'd': // int
| 	  number = va_arg (args_copy, int);
| 	  break;
| 	case 'f': // float
| 	  fnumber = va_arg (args_copy, double);
| 	  break;
| 	default:
| 	  break;
| 	}
|     }
|   va_end (args_copy);
|   va_end (args);
| }
| 
| int
| main ()
| {
| 
|   // Check bool.
|   _Bool success = false;
| 
|   // Check restrict.
|   if (test_restrict ("String literal") == 0)
|     success = true;
|   char *restrict newvar = "Another string";
| 
|   // Check varargs.
|   test_varargs ("s, d' f .", "string", 65, 34.234);
|   test_varargs_macros ();
| 
|   // Check flexible array members.
|   struct incomplete_array *ia =
|     malloc (sizeof (struct incomplete_array) + (sizeof (double) * 10));
|   ia->datasize = 10;
|   for (int i = 0; i < ia->datasize; ++i)
|     ia->data[i] = i * 1.234;
| 
|   // Check named initializers.
|   struct named_init ni = {
|     .number = 34,
|     .name = L"Test wide string",
|     .average = 543.34343,
|   };
| 
|   ni.number = 58;
| 
|   int dynamic_array[ni.number];
|   dynamic_array[ni.number - 1] = 543;
| 
|   // work around unused variable warnings
|   return (!success || bignum == 0LL || ubignum == 0uLL || newvar[0] == 'x'
| 	  || dynamic_array[ni.number - 1] != 543);
| 
|   ;
|   return 0;
| }
configure:4402: gcc -std=gnu99 -c -g -O2  conftest.c >&5
configure:4402: $? = 0
configure:4422: result: -std=gnu99
configure:4445: checking whether we are using ICC compiler
configure:4465: gcc -std=gnu99 -c -g -O2  conftest.c >&5
conftest.c: In function 'main':
conftest.c:18:17: error: #error 
                #error
                 ^
configure:4465: $? = 1
configure: failed program was:
| /* confdefs.h */
| #define PACKAGE_NAME "nanomsg"
| #define PACKAGE_TARNAME "nanomsg"
| #define PACKAGE_VERSION "0.8-beta"
| #define PACKAGE_STRING "nanomsg 0.8-beta"
| #define PACKAGE_BUGREPORT "nanomsg@freelists.org"
| #define PACKAGE_URL "http://nanomsg.org/"
| #define PACKAGE "nanomsg"
| #define VERSION "0.8-beta"
| #define NN_HAVE_GCC 1
| /* end confdefs.h.  */
| 
| int
| main ()
| {
| 
|             #ifndef __INTEL_COMPILER
|                #error
|             #endif
| 
|   ;
|   return 0;
| }
configure:4473: result: no
configure:4484: checking whether we are using Sun Studio compiler
configure:4504: gcc -std=gnu99 -c -g -O2  conftest.c >&5
conftest.c: In function 'main':
conftest.c:18:18: error: #error 
                 #error
                  ^
configure:4504: $? = 1
configure: failed program was:
| /* confdefs.h */
| #define PACKAGE_NAME "nanomsg"
| #define PACKAGE_TARNAME "nanomsg"
| #define PACKAGE_VERSION "0.8-beta"
| #define PACKAGE_STRING "nanomsg 0.8-beta"
| #define PACKAGE_BUGREPORT "nanomsg@freelists.org"
| #define PACKAGE_URL "http://nanomsg.org/"
| #define PACKAGE "nanomsg"
| #define VERSION "0.8-beta"
| #define NN_HAVE_GCC 1
| /* end confdefs.h.  */
| 
| int
| main ()
| {
| 
|             #ifndef __SUNPRO_C
|                 #error
|             #endif
| 
|   ;
|   return 0;
| }
configure:4512: result: no
configure:4523: checking whether we are using clang compiler
configure:4543: gcc -std=gnu99 -c -g -O2  conftest.c >&5
conftest.c: In function 'main':
conftest.c:18:18: error: #error 
                 #error
                  ^
configure:4543: $? = 1
configure: failed program was:
| /* confdefs.h */
| #define PACKAGE_NAME "nanomsg"
| #define PACKAGE_TARNAME "nanomsg"
| #define PACKAGE_VERSION "0.8-beta"
| #define PACKAGE_STRING "nanomsg 0.8-beta"
| #define PACKAGE_BUGREPORT "nanomsg@freelists.org"
| #define PACKAGE_URL "http://nanomsg.org/"
| #define PACKAGE "nanomsg"
| #define VERSION "0.8-beta"
| #define NN_HAVE_GCC 1
| /* end confdefs.h.  */
| 
| int
| main ()
| {
| 
|             #ifndef __clang__
|                 #error
|             #endif
| 
|   ;
|   return 0;
| }
configure:4551: result: no
configure:4562: checking whether we are using HP aCC compiler
configure:4582: gcc -std=gnu99 -c -g -O2  conftest.c >&5
conftest.c: In function 'main':
conftest.c:18:18: error: #error 
                 #error
                  ^
configure:4582: $? = 1
configure: failed program was:
| /* confdefs.h */
| #define PACKAGE_NAME "nanomsg"
| #define PACKAGE_TARNAME "nanomsg"
| #define PACKAGE_VERSION "0.8-beta"
| #define PACKAGE_STRING "nanomsg 0.8-beta"
| #define PACKAGE_BUGREPORT "nanomsg@freelists.org"
| #define PACKAGE_URL "http://nanomsg.org/"
| #define PACKAGE "nanomsg"
| #define VERSION "0.8-beta"
| #define NN_HAVE_GCC 1
| /* end confdefs.h.  */
| 
| int
| main ()
| {
| 
|             #ifndef __HP_cc
|                 #error
|             #endif
| 
|   ;
|   return 0;
| }
configure:4590: result: no
configure:4766: checking whether ln -s works
configure:4770: result: yes
configure:4808: checking whether ln -s works
configure:4812: result: yes
configure:5129: checking if compiler needs -Werror to reject unknown flags
configure:5145: gcc -std=gnu99 -c -g -O2 -Werror -Wunknown-warning-option -Wsizeof-array-argument  conftest.c >&5
gcc: error: unrecognized command line option '-Wunknown-warning-option'
gcc: error: unrecognized command line option '-Wsizeof-array-argument'
configure:5145: $? = 1
configure: failed program was:
| /* confdefs.h */
| #define PACKAGE_NAME "nanomsg"
| #define PACKAGE_TARNAME "nanomsg"
| #define PACKAGE_VERSION "0.8-beta"
| #define PACKAGE_STRING "nanomsg 0.8-beta"
| #define PACKAGE_BUGREPORT "nanomsg@freelists.org"
| #define PACKAGE_URL "http://nanomsg.org/"
| #define PACKAGE "nanomsg"
| #define VERSION "0.8-beta"
| #define NN_HAVE_GCC 1
| #define NN_HAVE_LINUX 1
| /* end confdefs.h.  */
| int foo(void);
| int
| main ()
| {
| foo()
|   ;
|   return 0;
| }
configure:5150: result: no
configure:5216: checking for the pthreads library -lpthreads
configure:5254: gcc -std=gnu99 -o conftest -g -O2     conftest.c -lpthreads  >&5
/usr/bin/ld: cannot find -lpthreads
collect2: error: ld returned 1 exit status
configure:5254: $? = 1
configure: failed program was:
| /* confdefs.h */
| #define PACKAGE_NAME "nanomsg"
| #define PACKAGE_TARNAME "nanomsg"
| #define PACKAGE_VERSION "0.8-beta"
| #define PACKAGE_STRING "nanomsg 0.8-beta"
| #define PACKAGE_BUGREPORT "nanomsg@freelists.org"
| #define PACKAGE_URL "http://nanomsg.org/"
| #define PACKAGE "nanomsg"
| #define VERSION "0.8-beta"
| #define NN_HAVE_GCC 1
| #define NN_HAVE_LINUX 1
| /* end confdefs.h.  */
| #include <pthread.h>
|                         static void routine(void *a) { a = 0; }
|                         static void *start_routine(void *a) { return a; }
| int
| main ()
| {
| pthread_t th; pthread_attr_t attr;
|                         pthread_create(&th, 0, start_routine, 0);
|                         pthread_join(th, 0);
|                         pthread_attr_init(&attr);
|                         pthread_cleanup_push(routine, 0);
|                         pthread_cleanup_pop(0) /* ; */
|   ;
|   return 0;
| }
configure:5263: result: no
configure:5161: checking whether pthreads work without any flags
configure:5254: gcc -std=gnu99 -o conftest -g -O2     conftest.c   >&5
/tmp/cctOVAkI.o: In function `main':
/home/roman/work/nanomsg/conftest.c:20: undefined reference to `pthread_create'
/home/roman/work/nanomsg/conftest.c:21: undefined reference to `pthread_join'
/home/roman/work/nanomsg/conftest.c:23: undefined reference to `__pthread_register_cancel'
/home/roman/work/nanomsg/conftest.c:24: undefined reference to `__pthread_unregister_cancel'
collect2: error: ld returned 1 exit status
configure:5254: $? = 1
configure: failed program was:
| /* confdefs.h */
| #define PACKAGE_NAME "nanomsg"
| #define PACKAGE_TARNAME "nanomsg"
| #define PACKAGE_VERSION "0.8-beta"
| #define PACKAGE_STRING "nanomsg 0.8-beta"
| #define PACKAGE_BUGREPORT "nanomsg@freelists.org"
| #define PACKAGE_URL "http://nanomsg.org/"
| #define PACKAGE "nanomsg"
| #define VERSION "0.8-beta"
| #define NN_HAVE_GCC 1
| #define NN_HAVE_LINUX 1
| /* end confdefs.h.  */
| #include <pthread.h>
|                         static void routine(void *a) { a = 0; }
|                         static void *start_routine(void *a) { return a; }
| int
| main ()
| {
| pthread_t th; pthread_attr_t attr;
|                         pthread_create(&th, 0, start_routine, 0);
|                         pthread_join(th, 0);
|                         pthread_attr_init(&attr);
|                         pthread_cleanup_push(routine, 0);
|                         pthread_cleanup_pop(0) /* ; */
|   ;
|   return 0;
| }
configure:5263: result: no
configure:5166: checking whether pthreads work with -Kthread
configure:5254: gcc -std=gnu99 -o conftest -g -O2 -Kthread    conftest.c   >&5
gcc: error: unrecognized command line option '-Kthread'
configure:5254: $? = 1
configure: failed program was:
| /* confdefs.h */
| #define PACKAGE_NAME "nanomsg"
| #define PACKAGE_TARNAME "nanomsg"
| #define PACKAGE_VERSION "0.8-beta"
| #define PACKAGE_STRING "nanomsg 0.8-beta"
| #define PACKAGE_BUGREPORT "nanomsg@freelists.org"
| #define PACKAGE_URL "http://nanomsg.org/"
| #define PACKAGE "nanomsg"
| #define VERSION "0.8-beta"
| #define NN_HAVE_GCC 1
| #define NN_HAVE_LINUX 1
| /* end confdefs.h.  */
| #include <pthread.h>
|                         static void routine(void *a) { a = 0; }
|                         static void *start_routine(void *a) { return a; }
| int
| main ()
| {
| pthread_t th; pthread_attr_t attr;
|                         pthread_create(&th, 0, start_routine, 0);
|                         pthread_join(th, 0);
|                         pthread_attr_init(&attr);
|                         pthread_cleanup_push(routine, 0);
|                         pthread_cleanup_pop(0) /* ; */
|   ;
|   return 0;
| }
configure:5263: result: no
configure:5166: checking whether pthreads work with -kthread
configure:5254: gcc -std=gnu99 -o conftest -g -O2 -kthread    conftest.c   >&5
gcc: error: unrecognized command line option '-kthread'
configure:5254: $? = 1
configure: failed program was:
| /* confdefs.h */
| #define PACKAGE_NAME "nanomsg"
| #define PACKAGE_TARNAME "nanomsg"
| #define PACKAGE_VERSION "0.8-beta"
| #define PACKAGE_STRING "nanomsg 0.8-beta"
| #define PACKAGE_BUGREPORT "nanomsg@freelists.org"
| #define PACKAGE_URL "http://nanomsg.org/"
| #define PACKAGE "nanomsg"
| #define VERSION "0.8-beta"
| #define NN_HAVE_GCC 1
| #define NN_HAVE_LINUX 1
| /* end confdefs.h.  */
| #include <pthread.h>
|                         static void routine(void *a) { a = 0; }
|                         static void *start_routine(void *a) { return a; }
| int
| main ()
| {
| pthread_t th; pthread_attr_t attr;
|                         pthread_create(&th, 0, start_routine, 0);
|                         pthread_join(th, 0);
|                         pthread_attr_init(&attr);
|                         pthread_cleanup_push(routine, 0);
|                         pthread_cleanup_pop(0) /* ; */
|   ;
|   return 0;
| }
configure:5263: result: no
configure:5216: checking for the pthreads library -llthread
configure:5254: gcc -std=gnu99 -o conftest -g -O2     conftest.c -llthread  >&5
/usr/bin/ld: cannot find -llthread
collect2: error: ld returned 1 exit status
configure:5254: $? = 1
configure: failed program was:
| /* confdefs.h */
| #define PACKAGE_NAME "nanomsg"
| #define PACKAGE_TARNAME "nanomsg"
| #define PACKAGE_VERSION "0.8-beta"
| #define PACKAGE_STRING "nanomsg 0.8-beta"
| #define PACKAGE_BUGREPORT "nanomsg@freelists.org"
| #define PACKAGE_URL "http://nanomsg.org/"
| #define PACKAGE "nanomsg"
| #define VERSION "0.8-beta"
| #define NN_HAVE_GCC 1
| #define NN_HAVE_LINUX 1
| /* end confdefs.h.  */
| #include <pthread.h>
|                         static void routine(void *a) { a = 0; }
|                         static void *start_routine(void *a) { return a; }
| int
| main ()
| {
| pthread_t th; pthread_attr_t attr;
|                         pthread_create(&th, 0, start_routine, 0);
|                         pthread_join(th, 0);
|                         pthread_attr_init(&attr);
|                         pthread_cleanup_push(routine, 0);
|                         pthread_cleanup_pop(0) /* ; */
|   ;
|   return 0;
| }
configure:5263: result: no
configure:5166: checking whether pthreads work with -pthread
configure:5254: gcc -std=gnu99 -o conftest -g -O2 -pthread    conftest.c   >&5
configure:5254: $? = 0
configure:5263: result: yes
configure:5282: checking for joinable pthread attribute
configure:5297: gcc -std=gnu99 -o conftest -g -O2 -pthread   conftest.c   >&5
configure:5297: $? = 0
configure:5303: result: PTHREAD_CREATE_JOINABLE
configure:5313: checking if more special flags are required for pthreads
configure:5328: result: no
configure:5334: checking for PTHREAD_PRIO_INHERIT
configure:5351: gcc -std=gnu99 -o conftest -g -O2 -pthread   conftest.c   >&5
configure:5351: $? = 0
configure:5360: result: yes
configure:5467: checking how to run the C preprocessor
configure:5498: gcc -std=gnu99 -E  conftest.c
configure:5498: $? = 0
configure:5512: gcc -std=gnu99 -E  conftest.c
conftest.c:14:28: fatal error: ac_nonexistent.h: No such file or directory
 #include <ac_nonexistent.h>
                            ^
compilation terminated.
configure:5512: $? = 1
configure: failed program was:
| /* confdefs.h */
| #define PACKAGE_NAME "nanomsg"
| #define PACKAGE_TARNAME "nanomsg"
| #define PACKAGE_VERSION "0.8-beta"
| #define PACKAGE_STRING "nanomsg 0.8-beta"
| #define PACKAGE_BUGREPORT "nanomsg@freelists.org"
| #define PACKAGE_URL "http://nanomsg.org/"
| #define PACKAGE "nanomsg"
| #define VERSION "0.8-beta"
| #define NN_HAVE_GCC 1
| #define NN_HAVE_LINUX 1
| #define HAVE_PTHREAD_PRIO_INHERIT 1
| /* end confdefs.h.  */
| #include <ac_nonexistent.h>
configure:5537: result: gcc -std=gnu99 -E
configure:5557: gcc -std=gnu99 -E  conftest.c
configure:5557: $? = 0
configure:5571: gcc -std=gnu99 -E  conftest.c
conftest.c:14:28: fatal error: ac_nonexistent.h: No such file or directory
 #include <ac_nonexistent.h>
                            ^
compilation terminated.
configure:5571: $? = 1
configure: failed program was:
| /* confdefs.h */
| #define PACKAGE_NAME "nanomsg"
| #define PACKAGE_TARNAME "nanomsg"
| #define PACKAGE_VERSION "0.8-beta"
| #define PACKAGE_STRING "nanomsg 0.8-beta"
| #define PACKAGE_BUGREPORT "nanomsg@freelists.org"
| #define PACKAGE_URL "http://nanomsg.org/"
| #define PACKAGE "nanomsg"
| #define VERSION "0.8-beta"
| #define NN_HAVE_GCC 1
| #define NN_HAVE_LINUX 1
| #define HAVE_PTHREAD_PRIO_INHERIT 1
| /* end confdefs.h.  */
| #include <ac_nonexistent.h>
configure:5600: checking for grep that handles long lines and -e
configure:5658: result: /bin/grep
configure:5663: checking for egrep
configure:5725: result: /bin/grep -E
configure:5730: checking for ANSI C header files
configure:5750: gcc -std=gnu99 -c -g -O2 -pthread  conftest.c >&5
configure:5750: $? = 0
configure:5823: gcc -std=gnu99 -o conftest -g -O2 -pthread   conftest.c   >&5
configure:5823: $? = 0
configure:5823: ./conftest
configure:5823: $? = 0
configure:5834: result: yes
configure:5847: checking for sys/types.h
configure:5847: gcc -std=gnu99 -c -g -O2 -pthread  conftest.c >&5
configure:5847: $? = 0
configure:5847: result: yes
configure:5847: checking for sys/stat.h
configure:5847: gcc -std=gnu99 -c -g -O2 -pthread  conftest.c >&5
configure:5847: $? = 0
configure:5847: result: yes
configure:5847: checking for stdlib.h
configure:5847: gcc -std=gnu99 -c -g -O2 -pthread  conftest.c >&5
configure:5847: $? = 0
configure:5847: result: yes
configure:5847: checking for string.h
configure:5847: gcc -std=gnu99 -c -g -O2 -pthread  conftest.c >&5
configure:5847: $? = 0
configure:5847: result: yes
configure:5847: checking for memory.h
configure:5847: gcc -std=gnu99 -c -g -O2 -pthread  conftest.c >&5
configure:5847: $? = 0
configure:5847: result: yes
configure:5847: checking for strings.h
configure:5847: gcc -std=gnu99 -c -g -O2 -pthread  conftest.c >&5
configure:5847: $? = 0
configure:5847: result: yes
configure:5847: checking for inttypes.h
configure:5847: gcc -std=gnu99 -c -g -O2 -pthread  conftest.c >&5
configure:5847: $? = 0
configure:5847: result: yes
configure:5847: checking for stdint.h
configure:5847: gcc -std=gnu99 -c -g -O2 -pthread  conftest.c >&5
configure:5847: $? = 0
configure:5847: result: yes
configure:5847: checking for unistd.h
configure:5847: gcc -std=gnu99 -c -g -O2 -pthread  conftest.c >&5
configure:5847: $? = 0
configure:5847: result: yes
configure:5861: checking netinet/in.h usability
configure:5861: gcc -std=gnu99 -c -g -O2 -pthread  conftest.c >&5
configure:5861: $? = 0
configure:5861: result: yes
configure:5861: checking netinet/in.h presence
configure:5861: gcc -std=gnu99 -E  conftest.c
configure:5861: $? = 0
configure:5861: result: yes
configure:5861: checking for netinet/in.h
configure:5861: result: yes
configure:5873: checking netdb.h usability
configure:5873: gcc -std=gnu99 -c -g -O2 -pthread  conftest.c >&5
configure:5873: $? = 0
configure:5873: result: yes
configure:5873: checking netdb.h presence
configure:5873: gcc -std=gnu99 -E  conftest.c
configure:5873: $? = 0
configure:5873: result: yes
configure:5873: checking for netdb.h
configure:5873: result: yes
configure:5885: checking arpa/inet.h usability
configure:5885: gcc -std=gnu99 -c -g -O2 -pthread  conftest.c >&5
configure:5885: $? = 0
configure:5885: result: yes
configure:5885: checking arpa/inet.h presence
configure:5885: gcc -std=gnu99 -E  conftest.c
configure:5885: $? = 0
configure:5885: result: yes
configure:5885: checking for arpa/inet.h
configure:5885: result: yes
configure:5897: checking for unistd.h
configure:5897: result: yes
configure:5909: checking sys/socket.h usability
configure:5909: gcc -std=gnu99 -c -g -O2 -pthread  conftest.c >&5
configure:5909: $? = 0
configure:5909: result: yes
configure:5909: checking sys/socket.h presence
configure:5909: gcc -std=gnu99 -E  conftest.c
configure:5909: $? = 0
configure:5909: result: yes
configure:5909: checking for sys/socket.h
configure:5909: result: yes
configure:5921: checking sys/ioctl.h usability
configure:5921: gcc -std=gnu99 -c -g -O2 -pthread  conftest.c >&5
configure:5921: $? = 0
configure:5921: result: yes
configure:5921: checking sys/ioctl.h presence
configure:5921: gcc -std=gnu99 -E  conftest.c
configure:5921: $? = 0
configure:5921: result: yes
configure:5921: checking for sys/ioctl.h
configure:5921: result: yes
configure:5933: checking for stdint.h
configure:5933: result: yes
configure:5947: checking for eventfd
configure:5947: gcc -std=gnu99 -o conftest -g -O2 -pthread   conftest.c   >&5
configure:5947: $? = 0
configure:5947: result: yes
configure:5959: checking for pipe
configure:5959: gcc -std=gnu99 -o conftest -g -O2 -pthread   conftest.c   >&5
configure:5959: $? = 0
configure:5959: result: yes
configure:5971: checking for pipe2
configure:5971: gcc -std=gnu99 -o conftest -g -O2 -pthread   conftest.c   >&5
configure:5971: $? = 0
configure:5971: result: yes
configure:5987: checking for gethrtime
configure:5987: gcc -std=gnu99 -o conftest -g -O2 -pthread  -D_GNU_SOURCE  conftest.c   >&5
/tmp/ccmsI9l1.o: In function `main':
/home/roman/work/nanomsg/conftest.c:72: undefined reference to `gethrtime'
collect2: error: ld returned 1 exit status
configure:5987: $? = 1
configure: failed program was:
| /* confdefs.h */
| #define PACKAGE_NAME "nanomsg"
| #define PACKAGE_TARNAME "nanomsg"
| #define PACKAGE_VERSION "0.8-beta"
| #define PACKAGE_STRING "nanomsg 0.8-beta"
| #define PACKAGE_BUGREPORT "nanomsg@freelists.org"
| #define PACKAGE_URL "http://nanomsg.org/"
| #define PACKAGE "nanomsg"
| #define VERSION "0.8-beta"
| #define NN_HAVE_GCC 1
| #define NN_HAVE_LINUX 1
| #define HAVE_PTHREAD_PRIO_INHERIT 1
| #define STDC_HEADERS 1
| #define HAVE_SYS_TYPES_H 1
| #define HAVE_SYS_STAT_H 1
| #define HAVE_STDLIB_H 1
| #define HAVE_STRING_H 1
| #define HAVE_MEMORY_H 1
| #define HAVE_STRINGS_H 1
| #define HAVE_INTTYPES_H 1
| #define HAVE_STDINT_H 1
| #define HAVE_UNISTD_H 1
| #define HAVE_NETINET_IN_H 1
| #define HAVE_NETDB_H 1
| #define HAVE_ARPA_INET_H 1
| #define HAVE_UNISTD_H 1
| #define HAVE_SYS_SOCKET_H 1
| #define HAVE_SYS_IOCTL_H 1
| #define HAVE_STDINT_H 1
| #define NN_HAVE_STDINT 1
| #define HAVE_EVENTFD 1
| #define NN_HAVE_EVENTFD 1
| #define HAVE_PIPE 1
| #define NN_HAVE_PIPE 1
| #define HAVE_PIPE2 1
| #define NN_HAVE_PIPE2 1
| /* end confdefs.h.  */
| /* Define gethrtime to an innocuous variant, in case <limits.h> declares gethrtime.
|    For example, HP-UX 11i <limits.h> declares gettimeofday.  */
| #define gethrtime innocuous_gethrtime
| 
| /* System header to define __stub macros and hopefully few prototypes,
|     which can conflict with char gethrtime (); below.
|     Prefer <limits.h> to <assert.h> if __STDC__ is defined, since
|     <limits.h> exists even on freestanding compilers.  */
| 
| #ifdef __STDC__
| # include <limits.h>
| #else
| # include <assert.h>
| #endif
| 
| #undef gethrtime
| 
| /* Override any GCC internal prototype to avoid an error.
|    Use char because int might match the return type of a GCC
|    builtin and then its argument prototype would still apply.  */
| #ifdef __cplusplus
| extern "C"
| #endif
| char gethrtime ();
| /* The GNU C library defines this for functions which it implements
|     to always fail with ENOSYS.  Some functions are actually named
|     something starting with __ and the normal name is an alias.  */
| #if defined __stub_gethrtime || defined __stub___gethrtime
| choke me
| #endif
| 
| int
| main ()
| {
| return gethrtime ();
|   ;
|   return 0;
| }
configure:5987: result: no
configure:5998: checking for CLOCK_MONOTONIC
configure:6017: gcc -std=gnu99 -c -g -O2 -pthread  -D_GNU_SOURCE conftest.c >&5
configure:6017: $? = 0
configure:6019: result: yes
configure:6032: checking for clock_gettime in -lrt
configure:6057: gcc -std=gnu99 -o conftest -g -O2 -pthread  -D_GNU_SOURCE  conftest.c -lrt    >&5
configure:6057: $? = 0
configure:6066: result: yes
configure:6079: checking for clock_gettime
configure:6079: gcc -std=gnu99 -o conftest -g -O2 -pthread  -D_GNU_SOURCE  conftest.c -lrt   >&5
configure:6079: $? = 0
configure:6079: result: yes
configure:6091: checking for poll
configure:6091: gcc -std=gnu99 -o conftest -g -O2 -pthread  -D_GNU_SOURCE  conftest.c -lrt   >&5
configure:6091: $? = 0
configure:6091: result: yes
configure:6104: checking for epoll_create
configure:6104: gcc -std=gnu99 -o conftest -g -O2 -pthread  -D_GNU_SOURCE  conftest.c -lrt   >&5
configure:6104: $? = 0
configure:6104: result: yes
configure:6137: checking for accept4
configure:6137: gcc -std=gnu99 -o conftest -g -O2 -pthread  -D_GNU_SOURCE  conftest.c -lrt   >&5
configure:6137: $? = 0
configure:6137: result: yes
configure:6151: checking for library containing getaddrinfo_a
configure:6182: gcc -std=gnu99 -o conftest -g -O2 -pthread  -D_GNU_SOURCE -D_GNU_SOURCE  conftest.c -lrt   >&5
/tmp/ccRkpzid.o: In function `main':
/home/roman/work/nanomsg/conftest.c:58: undefined reference to `getaddrinfo_a'
collect2: error: ld returned 1 exit status
configure:6182: $? = 1
configure: failed program was:
| /* confdefs.h */
| #define PACKAGE_NAME "nanomsg"
| #define PACKAGE_TARNAME "nanomsg"
| #define PACKAGE_VERSION "0.8-beta"
| #define PACKAGE_STRING "nanomsg 0.8-beta"
| #define PACKAGE_BUGREPORT "nanomsg@freelists.org"
| #define PACKAGE_URL "http://nanomsg.org/"
| #define PACKAGE "nanomsg"
| #define VERSION "0.8-beta"
| #define NN_HAVE_GCC 1
| #define NN_HAVE_LINUX 1
| #define HAVE_PTHREAD_PRIO_INHERIT 1
| #define STDC_HEADERS 1
| #define HAVE_SYS_TYPES_H 1
| #define HAVE_SYS_STAT_H 1
| #define HAVE_STDLIB_H 1
| #define HAVE_STRING_H 1
| #define HAVE_MEMORY_H 1
| #define HAVE_STRINGS_H 1
| #define HAVE_INTTYPES_H 1
| #define HAVE_STDINT_H 1
| #define HAVE_UNISTD_H 1
| #define HAVE_NETINET_IN_H 1
| #define HAVE_NETDB_H 1
| #define HAVE_ARPA_INET_H 1
| #define HAVE_UNISTD_H 1
| #define HAVE_SYS_SOCKET_H 1
| #define HAVE_SYS_IOCTL_H 1
| #define HAVE_STDINT_H 1
| #define NN_HAVE_STDINT 1
| #define HAVE_EVENTFD 1
| #define NN_HAVE_EVENTFD 1
| #define HAVE_PIPE 1
| #define NN_HAVE_PIPE 1
| #define HAVE_PIPE2 1
| #define NN_HAVE_PIPE2 1
| #define NN_HAVE_CLOCK_MONOTONIC 1
| #define HAVE_LIBRT 1
| #define HAVE_CLOCK_GETTIME 1
| #define HAVE_POLL 1
| #define NN_HAVE_POLL 1
| #define HAVE_EPOLL_CREATE 1
| #define NN_USE_EPOLL 1
| #define HAVE_ACCEPT4 1
| #define NN_HAVE_ACCEPT4 1
| /* end confdefs.h.  */
| 
| /* Override any GCC internal prototype to avoid an error.
|    Use char because int might match the return type of a GCC
|    builtin and then its argument prototype would still apply.  */
| #ifdef __cplusplus
| extern "C"
| #endif
| char getaddrinfo_a ();
| int
| main ()
| {
| return getaddrinfo_a ();
|   ;
|   return 0;
| }
configure:6182: gcc -std=gnu99 -o conftest -g -O2 -pthread  -D_GNU_SOURCE -D_GNU_SOURCE  conftest.c -lanl  -lrt   >&5
configure:6182: $? = 0
configure:6199: result: -lanl
configure:6225: checking for library containing socketpair
configure:6256: gcc -std=gnu99 -o conftest -g -O2 -pthread  -D_GNU_SOURCE -D_GNU_SOURCE -D_GNU_SOURCE  conftest.c -lanl -lrt   >&5
configure:6256: $? = 0
configure:6273: result: none required
configure:6284: checking for library containing sem_wait
configure:6315: gcc -std=gnu99 -o conftest -g -O2 -pthread  -D_GNU_SOURCE -D_GNU_SOURCE -D_GNU_SOURCE  conftest.c -lanl -lrt   >&5
configure:6315: $? = 0
configure:6332: result: none required
configure:6364: gcc -std=gnu99 -o conftest -g -O2 -pthread  -D_GNU_SOURCE -D_GNU_SOURCE -D_GNU_SOURCE  conftest.c -lanl -lrt   >&5
configure:6364: $? = 0
configure:6384: gcc -std=gnu99 -c -g -O2 -pthread  -D_GNU_SOURCE -D_GNU_SOURCE -D_GNU_SOURCE conftest.c >&5
conftest.c:51:20: fatal error: atomic.h: No such file or directory
 #include <atomic.h>
                    ^
compilation terminated.
configure:6384: $? = 1
configure: failed program was:
| /* confdefs.h */
| #define PACKAGE_NAME "nanomsg"
| #define PACKAGE_TARNAME "nanomsg"
| #define PACKAGE_VERSION "0.8-beta"
| #define PACKAGE_STRING "nanomsg 0.8-beta"
| #define PACKAGE_BUGREPORT "nanomsg@freelists.org"
| #define PACKAGE_URL "http://nanomsg.org/"
| #define PACKAGE "nanomsg"
| #define VERSION "0.8-beta"
| #define NN_HAVE_GCC 1
| #define NN_HAVE_LINUX 1
| #define HAVE_PTHREAD_PRIO_INHERIT 1
| #define STDC_HEADERS 1
| #define HAVE_SYS_TYPES_H 1
| #define HAVE_SYS_STAT_H 1
| #define HAVE_STDLIB_H 1
| #define HAVE_STRING_H 1
| #define HAVE_MEMORY_H 1
| #define HAVE_STRINGS_H 1
| #define HAVE_INTTYPES_H 1
| #define HAVE_STDINT_H 1
| #define HAVE_UNISTD_H 1
| #define HAVE_NETINET_IN_H 1
| #define HAVE_NETDB_H 1
| #define HAVE_ARPA_INET_H 1
| #define HAVE_UNISTD_H 1
| #define HAVE_SYS_SOCKET_H 1
| #define HAVE_SYS_IOCTL_H 1
| #define HAVE_STDINT_H 1
| #define NN_HAVE_STDINT 1
| #define HAVE_EVENTFD 1
| #define NN_HAVE_EVENTFD 1
| #define HAVE_PIPE 1
| #define NN_HAVE_PIPE 1
| #define HAVE_PIPE2 1
| #define NN_HAVE_PIPE2 1
| #define NN_HAVE_CLOCK_MONOTONIC 1
| #define HAVE_LIBRT 1
| #define HAVE_CLOCK_GETTIME 1
| #define HAVE_POLL 1
| #define NN_HAVE_POLL 1
| #define HAVE_EPOLL_CREATE 1
| #define NN_USE_EPOLL 1
| #define HAVE_ACCEPT4 1
| #define NN_HAVE_ACCEPT4 1
| #define NN_HAVE_GETADDRINFO_A 1
| #define NN_HAVE_SOCKETPAIR 1
| #define NN_HAVE_SEMAPHORE 1
| #define NN_HAVE_GCC_ATOMIC_BUILTINS 1
| /* end confdefs.h.  */
| #include <atomic.h>
| int
| main ()
| {
| uint32_t value; atomic_cas_32 (&value, 0, 0); return 0;
|   ;
|   return 0;
| }
configure:6391: checking for msghdr.msg_control
configure:6410: gcc -std=gnu99 -c -g -O2 -pthread  -D_GNU_SOURCE -D_GNU_SOURCE -D_GNU_SOURCE conftest.c >&5
configure:6410: $? = 0
configure:6412: result: yes
configure:6494: checking how to print strings
configure:6521: result: printf
configure:6542: checking for a sed that does not truncate output
configure:6606: result: /bin/sed
configure:6624: checking for fgrep
configure:6686: result: /bin/grep -F
configure:6721: checking for ld used by gcc -std=gnu99
configure:6788: result: /usr/bin/ld
configure:6795: checking if the linker (/usr/bin/ld) is GNU ld
configure:6810: result: yes
configure:6822: checking for BSD- or MS-compatible name lister (nm)
configure:6871: result: /usr/bin/nm -B
configure:7001: checking the name lister (/usr/bin/nm -B) interface
configure:7008: gcc -std=gnu99 -c -g -O2 -pthread  -D_GNU_SOURCE -D_GNU_SOURCE -D_GNU_SOURCE conftest.c >&5
configure:7011: /usr/bin/nm -B "conftest.o"
configure:7014: output
0000000000000000 B some_variable
configure:7021: result: BSD nm
configure:7025: checking the maximum length of command line arguments
configure:7156: result: 1572864
configure:7173: checking whether the shell understands some XSI constructs
configure:7183: result: yes
configure:7187: checking whether the shell understands "+="
configure:7193: result: yes
configure:7228: checking how to convert x86_64-unknown-linux-gnu file names to x86_64-unknown-linux-gnu format
configure:7268: result: func_convert_file_noop
configure:7275: checking how to convert x86_64-unknown-linux-gnu file names to toolchain format
configure:7295: result: func_convert_file_noop
configure:7302: checking for /usr/bin/ld option to reload object files
configure:7309: result: -r
configure:7383: checking for objdump
configure:7399: found /usr/bin/objdump
configure:7410: result: objdump
configure:7442: checking how to recognize dependent libraries
configure:7640: result: pass_all
configure:7725: checking for dlltool
configure:7755: result: no
configure:7785: checking how to associate runtime and link libraries
configure:7812: result: printf %s\n
configure:7872: checking for ar
configure:7888: found /usr/bin/ar
configure:7899: result: ar
configure:7936: checking for archiver @FILE support
configure:7953: gcc -std=gnu99 -c -g -O2 -pthread  -D_GNU_SOURCE -D_GNU_SOURCE -D_GNU_SOURCE conftest.c >&5
configure:7953: $? = 0
configure:7956: ar cru libconftest.a @conftest.lst >&5
configure:7959: $? = 0
configure:7964: ar cru libconftest.a @conftest.lst >&5
ar: conftest.o: No such file or directory
configure:7967: $? = 1
configure:7979: result: @
configure:8037: checking for strip
configure:8053: found /usr/bin/strip
configure:8064: result: strip
configure:8136: checking for ranlib
configure:8152: found /usr/bin/ranlib
configure:8163: result: ranlib
configure:8265: checking command to parse /usr/bin/nm -B output from gcc -std=gnu99 object
configure:8385: gcc -std=gnu99 -c -g -O2 -pthread  -D_GNU_SOURCE -D_GNU_SOURCE -D_GNU_SOURCE conftest.c >&5
configure:8388: $? = 0
configure:8392: /usr/bin/nm -B conftest.o \| sed -n -e 's/^.*[ ]\([ABCDGIRSTW][ABCDGIRSTW]*\)[ ][ ]*\([_A-Za-z][_A-Za-z0-9]*\)$/\1 \2 \2/p' | sed '/ __gnu_lto/d' \> conftest.nm
configure:8395: $? = 0
configure:8461: gcc -std=gnu99 -o conftest -g -O2 -pthread  -D_GNU_SOURCE -D_GNU_SOURCE -D_GNU_SOURCE  conftest.c conftstm.o >&5
configure:8464: $? = 0
configure:8502: result: ok
configure:8539: checking for sysroot
configure:8569: result: no
configure:8646: gcc -std=gnu99 -c -g -O2 -pthread  -D_GNU_SOURCE -D_GNU_SOURCE -D_GNU_SOURCE conftest.c >&5
configure:8649: $? = 0
configure:8838: checking for mt
configure:8854: found /bin/mt
configure:8865: result: mt
configure:8888: checking if mt is a manifest tool
configure:8894: mt '-?'
configure:8902: result: no
configure:9541: checking for dlfcn.h
configure:9541: gcc -std=gnu99 -c -g -O2 -pthread  -D_GNU_SOURCE -D_GNU_SOURCE -D_GNU_SOURCE conftest.c >&5
configure:9541: $? = 0
configure:9541: result: yes
configure:9747: checking for objdir
configure:9762: result: .libs
configure:10033: checking if gcc -std=gnu99 supports -fno-rtti -fno-exceptions
configure:10051: gcc -std=gnu99 -c -g -O2 -pthread  -D_GNU_SOURCE -D_GNU_SOURCE -D_GNU_SOURCE -fno-rtti -fno-exceptions conftest.c >&5
cc1: warning: command line option '-fno-rtti' is valid for C++/ObjC++ but not for C [enabled by default]
configure:10055: $? = 0
configure:10068: result: no
configure:10395: checking for gcc -std=gnu99 option to produce PIC
configure:10402: result: -fPIC -DPIC
configure:10410: checking if gcc -std=gnu99 PIC flag -fPIC -DPIC works
configure:10428: gcc -std=gnu99 -c -g -O2 -pthread  -D_GNU_SOURCE -D_GNU_SOURCE -D_GNU_SOURCE -fPIC -DPIC -DPIC conftest.c >&5
configure:10432: $? = 0
configure:10445: result: yes
configure:10474: checking if gcc -std=gnu99 static flag -static works
configure:10502: result: yes
configure:10517: checking if gcc -std=gnu99 supports -c -o file.o
configure:10538: gcc -std=gnu99 -c -g -O2 -pthread  -D_GNU_SOURCE -D_GNU_SOURCE -D_GNU_SOURCE -o out/conftest2.o conftest.c >&5
configure:10542: $? = 0
configure:10564: result: yes
configure:10572: checking if gcc -std=gnu99 supports -c -o file.o
configure:10619: result: yes
configure:10652: checking whether the gcc -std=gnu99 linker (/usr/bin/ld -m elf_x86_64) supports shared libraries
configure:11809: result: yes
configure:11846: checking whether -lc should be explicitly linked in
configure:11854: gcc -std=gnu99 -c -g -O2 -pthread  -D_GNU_SOURCE -D_GNU_SOURCE -D_GNU_SOURCE conftest.c >&5
configure:11857: $? = 0
configure:11872: gcc -std=gnu99 -shared  -fPIC -DPIC conftest.o  -v -Wl,-soname -Wl,conftest -o conftest 2\>\&1 \| /bin/grep  -lc  \>/dev/null 2\>\&1
configure:11875: $? = 0
configure:11889: result: no
configure:12049: checking dynamic linker characteristics
configure:12549: gcc -std=gnu99 -o conftest -g -O2 -pthread  -D_GNU_SOURCE -D_GNU_SOURCE -D_GNU_SOURCE  -Wl,-rpath -Wl,/foo conftest.c -lanl -lrt   >&5
configure:12549: $? = 0
configure:12783: result: GNU/Linux ld.so
configure:12890: checking how to hardcode library paths into programs
configure:12915: result: immediate
configure:13455: checking whether stripping libraries is possible
configure:13460: result: yes
configure:13495: checking if libtool supports shared libraries
configure:13497: result: yes
configure:13500: checking whether to build shared libraries
configure:13521: result: yes
configure:13524: checking whether to build static libraries
configure:13528: result: yes
configure:13572: checking for bash
configure:13590: found /bin/bash
configure:13602: result: /bin/bash
configure:13610: checking if dolt supports this host
configure:13642: result: yes, replacing libtool
configure:13927: checking that generated files are newer than configure
configure:13933: result: done
configure:13972: creating ./config.status

## ---------------------- ##
## Running config.status. ##
## ---------------------- ##

This file was extended by nanomsg config.status 0.8-beta, which was
generated by GNU Autoconf 2.69.  Invocation command line was

  CONFIG_FILES    = 
  CONFIG_HEADERS  = 
  CONFIG_LINKS    = 
  CONFIG_COMMANDS = 
  $ ./config.status 

on roman-ubuntu

config.status:1030: creating Makefile
config.status:1030: creating libnanomsg.pc
config.status:1202: executing depfiles commands
config.status:1202: executing libtool commands

## ---------------- ##
## Cache variables. ##
## ---------------- ##

ac_cv_build=x86_64-unknown-linux-gnu
ac_cv_c_compiler_gnu=yes
ac_cv_clang_compiler=no
ac_cv_env_CC_set=
ac_cv_env_CC_value=
ac_cv_env_CFLAGS_set=
ac_cv_env_CFLAGS_value=
ac_cv_env_CPPFLAGS_set=
ac_cv_env_CPPFLAGS_value=
ac_cv_env_CPP_set=
ac_cv_env_CPP_value=
ac_cv_env_LDFLAGS_set=
ac_cv_env_LDFLAGS_value=
ac_cv_env_LIBS_set=
ac_cv_env_LIBS_value=
ac_cv_env_build_alias_set=
ac_cv_env_build_alias_value=
ac_cv_env_host_alias_set=
ac_cv_env_host_alias_value=
ac_cv_env_target_alias_set=
ac_cv_env_target_alias_value=
ac_cv_func_accept4=yes
ac_cv_func_clock_gettime=yes
ac_cv_func_epoll_create=yes
ac_cv_func_eventfd=yes
ac_cv_func_gethrtime=no
ac_cv_func_pipe2=yes
ac_cv_func_pipe=yes
ac_cv_func_poll=yes
ac_cv_header_arpa_inet_h=yes
ac_cv_header_dlfcn_h=yes
ac_cv_header_inttypes_h=yes
ac_cv_header_memory_h=yes
ac_cv_header_netdb_h=yes
ac_cv_header_netinet_in_h=yes
ac_cv_header_stdc=yes
ac_cv_header_stdint_h=yes
ac_cv_header_stdlib_h=yes
ac_cv_header_string_h=yes
ac_cv_header_strings_h=yes
ac_cv_header_sys_ioctl_h=yes
ac_cv_header_sys_socket_h=yes
ac_cv_header_sys_stat_h=yes
ac_cv_header_sys_types_h=yes
ac_cv_header_unistd_h=yes
ac_cv_host=x86_64-unknown-linux-gnu
ac_cv_hpacc_compiler=no
ac_cv_icc_compiler=no
ac_cv_lib_rt_clock_gettime=yes
ac_cv_objext=o
ac_cv_path_DOLT_BASH=/bin/bash
ac_cv_path_EGREP='/bin/grep -E'
ac_cv_path_FGREP='/bin/grep -F'
ac_cv_path_GREP=/bin/grep
ac_cv_path_SED=/bin/sed
ac_cv_path_install='/usr/bin/install -c'
ac_cv_path_mkdir=/bin/mkdir
ac_cv_prog_AWK=gawk
ac_cv_prog_CPP='gcc -std=gnu99 -E'
ac_cv_prog_ac_ct_AR=ar
ac_cv_prog_ac_ct_CC=gcc
ac_cv_prog_ac_ct_MANIFEST_TOOL=mt
ac_cv_prog_ac_ct_OBJDUMP=objdump
ac_cv_prog_ac_ct_RANLIB=ranlib
ac_cv_prog_ac_ct_STRIP=strip
ac_cv_prog_cc_c89=
ac_cv_prog_cc_c99=-std=gnu99
ac_cv_prog_cc_g=yes
ac_cv_prog_make_make_set=yes
ac_cv_search_getaddrinfo_a=-lanl
ac_cv_search_sem_wait='none required'
ac_cv_search_socketpair='none required'
ac_cv_sun_studio_compiler=no
am_cv_CC_dependencies_compiler_type=gcc3
am_cv_make_support_nested_variables=yes
am_cv_prog_cc_c_o=yes
am_cv_prog_tar_ustar=gnutar
ax_cv_PTHREAD_PRIO_INHERIT=yes
lt_cv_ar_at_file=@
lt_cv_archive_cmds_need_lc=no
lt_cv_deplibs_check_method=pass_all
lt_cv_file_magic_cmd='$MAGIC_CMD'
lt_cv_file_magic_test_file=
lt_cv_ld_reload_flag=-r
lt_cv_nm_interface='BSD nm'
lt_cv_objdir=.libs
lt_cv_path_LD=/usr/bin/ld
lt_cv_path_NM='/usr/bin/nm -B'
lt_cv_path_mainfest_tool=no
lt_cv_prog_compiler_c_o=yes
lt_cv_prog_compiler_pic='-fPIC -DPIC'
lt_cv_prog_compiler_pic_works=yes
lt_cv_prog_compiler_rtti_exceptions=no
lt_cv_prog_compiler_static_works=yes
lt_cv_prog_gnu_ld=yes
lt_cv_sharedlib_from_linklib_cmd='printf %s\n'
lt_cv_shlibpath_overrides_runpath=no
lt_cv_sys_global_symbol_pipe='sed -n -e '\''s/^.*[	 ]\([ABCDGIRSTW][ABCDGIRSTW]*\)[	 ][	 ]*\([_A-Za-z][_A-Za-z0-9]*\)$/\1 \2 \2/p'\'' | sed '\''/ __gnu_lto/d'\'''
lt_cv_sys_global_symbol_to_c_name_address='sed -n -e '\''s/^: \([^ ]*\)[ ]*$/  {\"\1\", (void *) 0},/p'\'' -e '\''s/^[ABCDGIRSTW]* \([^ ]*\) \([^ ]*\)$/  {"\2", (void *) \&\2},/p'\'''
lt_cv_sys_global_symbol_to_c_name_address_lib_prefix='sed -n -e '\''s/^: \([^ ]*\)[ ]*$/  {\"\1\", (void *) 0},/p'\'' -e '\''s/^[ABCDGIRSTW]* \([^ ]*\) \(lib[^ ]*\)$/  {"\2", (void *) \&\2},/p'\'' -e '\''s/^[ABCDGIRSTW]* \([^ ]*\) \([^ ]*\)$/  {"lib\2", (void *) \&\2},/p'\'''
lt_cv_sys_global_symbol_to_cdecl='sed -n -e '\''s/^T .* \(.*\)$/extern int \1();/p'\'' -e '\''s/^[ABCDGIRSTW]* .* \(.*\)$/extern char \1;/p'\'''
lt_cv_sys_max_cmd_len=1572864
lt_cv_to_host_file_cmd=func_convert_file_noop
lt_cv_to_tool_file_cmd=func_convert_file_noop

## ----------------- ##
## Output variables. ##
## ----------------- ##

ACLOCAL='${SHELL} /home/roman/work/nanomsg/missing aclocal-1.14'
AMDEPBACKSLASH='\'
AMDEP_FALSE='#'
AMDEP_TRUE=''
AMTAR='$${TAR-tar}'
AM_BACKSLASH='\'
AM_DEFAULT_V='$(AM_DEFAULT_VERBOSITY)'
AM_DEFAULT_VERBOSITY='0'
AM_V='$(V)'
AR='ar'
ASCIIDOC=''
AUTOCONF='${SHELL} /home/roman/work/nanomsg/missing autoconf'
AUTOHEADER='${SHELL} /home/roman/work/nanomsg/missing autoheader'
AUTOMAKE='${SHELL} /home/roman/work/nanomsg/missing automake-1.14'
AWK='gawk'
CC='gcc -std=gnu99'
CCDEPMODE='depmode=gcc3'
CFLAGS='-g -O2 -pthread'
CPP='gcc -std=gnu99 -E'
CPPFLAGS=' -D_GNU_SOURCE -D_GNU_SOURCE -D_GNU_SOURCE'
CYGPATH_W='echo'
DEFS='-DPACKAGE_NAME=\"nanomsg\" -DPACKAGE_TARNAME=\"nanomsg\" -DPACKAGE_VERSION=\"0.8-beta\" -DPACKAGE_STRING=\"nanomsg\ 0.8-beta\" -DPACKAGE_BUGREPORT=\"nanomsg@freelists.org\" -DPACKAGE_URL=\"http://nanomsg.org/\" -DPACKAGE=\"nanomsg\" -DVERSION=\"0.8-beta\" -DNN_HAVE_GCC=1 -DNN_HAVE_LINUX=1 -DHAVE_PTHREAD_PRIO_INHERIT=1 -DSTDC_HEADERS=1 -DHAVE_SYS_TYPES_H=1 -DHAVE_SYS_STAT_H=1 -DHAVE_STDLIB_H=1 -DHAVE_STRING_H=1 -DHAVE_MEMORY_H=1 -DHAVE_STRINGS_H=1 -DHAVE_INTTYPES_H=1 -DHAVE_STDINT_H=1 -DHAVE_UNISTD_H=1 -DHAVE_NETINET_IN_H=1 -DHAVE_NETDB_H=1 -DHAVE_ARPA_INET_H=1 -DHAVE_UNISTD_H=1 -DHAVE_SYS_SOCKET_H=1 -DHAVE_SYS_IOCTL_H=1 -DHAVE_STDINT_H=1 -DNN_HAVE_STDINT=1 -DHAVE_EVENTFD=1 -DNN_HAVE_EVENTFD=1 -DHAVE_PIPE=1 -DNN_HAVE_PIPE=1 -DHAVE_PIPE2=1 -DNN_HAVE_PIPE2=1 -DNN_HAVE_CLOCK_MONOTONIC=1 -DHAVE_LIBRT=1 -DHAVE_CLOCK_GETTIME=1 -DHAVE_POLL=1 -DNN_HAVE_POLL=1 -DHAVE_EPOLL_CREATE=1 -DNN_USE_EPOLL=1 -DHAVE_ACCEPT4=1 -DNN_HAVE_ACCEPT4=1 -DNN_HAVE_GETADDRINFO_A=1 -DNN_HAVE_SOCKETPAIR=1 -DNN_HAVE_SEMAPHORE=1 -DNN_HAVE_GCC_ATOMIC_BUILTINS=1 -DNN_HAVE_MSG_CONTROL=1 -DNN_USE_EVENTFD=1 -DHAVE_DLFCN_H=1 -DLT_OBJDIR=\".libs/\"'
DEPDIR='.deps'
DLLTOOL='false'
DOC_FALSE=''
DOC_TRUE='#'
DOLT_BASH='/bin/bash'
DOLT_CLEANFILES='doltlibtool doltcompile'
DSYMUTIL=''
DUMPBIN=''
ECHO_C=''
ECHO_N='-n'
ECHO_T=''
EGREP='/bin/grep -E'
EXEEXT=''
FGREP='/bin/grep -F'
GREP='/bin/grep'
INSTALL_DATA='${INSTALL} -m 644'
INSTALL_PROGRAM='${INSTALL}'
INSTALL_SCRIPT='${INSTALL}'
INSTALL_STRIP_PROGRAM='$(install_sh) -c -s'
LD='/usr/bin/ld -m elf_x86_64'
LDFLAGS=''
LIBOBJS=''
LIBS='-lanl -lrt  '
LIBTOOL='$(top_builddir)/doltlibtool'
LIPO=''
LN_S='ln -s'
LTCOMPILE='$(top_builddir)/doltcompile $(COMPILE)'
LTCXXCOMPILE='$(top_builddir)/doltcompile $(CXXCOMPILE)'
LTLIBOBJS=''
MAKEINFO='${SHELL} /home/roman/work/nanomsg/missing makeinfo'
MANIFEST_TOOL=':'
MKDIR_P='/bin/mkdir -p'
NANOCAT_FALSE='#'
NANOCAT_TRUE=''
NM='/usr/bin/nm -B'
NMEDIT=''
NN_ABI_VERSION='4.0.0'
NN_LIBTOOL_VERSION='4:0:0'
NN_PACKAGE_VERSION='0.8-beta'
OBJDUMP='objdump'
OBJEXT='o'
OTOOL64=''
OTOOL=''
PACKAGE='nanomsg'
PACKAGE_BUGREPORT='nanomsg@freelists.org'
PACKAGE_NAME='nanomsg'
PACKAGE_STRING='nanomsg 0.8-beta'
PACKAGE_TARNAME='nanomsg'
PACKAGE_URL='http://nanomsg.org/'
PACKAGE_VERSION='0.8-beta'
PATH_SEPARATOR=':'
PTHREAD_CC='gcc -std=gnu99'
PTHREAD_CFLAGS='-pthread'
PTHREAD_LIBS=''
RANLIB='ranlib'
SED='/bin/sed'
SET_MAKE=''
SHELL='/bin/bash'
STRIP='strip'
SYMLINKS_FALSE='#'
SYMLINKS_TRUE=''
TCPMUXD_FALSE='#'
TCPMUXD_TRUE=''
VERSION='0.8-beta'
XMLTO=''
ac_ct_AR='ar'
ac_ct_CC='gcc'
ac_ct_DUMPBIN=''
am__EXEEXT_FALSE=''
am__EXEEXT_TRUE='#'
am__fastdepCC_FALSE='#'
am__fastdepCC_TRUE=''
am__include='include'
am__isrc=''
am__leading_dot='.'
am__nodep='_no'
am__quote=''
am__tar='tar --format=ustar -chf - "$$tardir"'
am__untar='tar -xf -'
ax_pthread_config=''
bindir='${exec_prefix}/bin'
build='x86_64-unknown-linux-gnu'
build_alias=''
build_cpu='x86_64'
build_os='linux-gnu'
build_vendor='unknown'
datadir='${datarootdir}'
datarootdir='${prefix}/share'
docdir='${datarootdir}/doc/${PACKAGE_TARNAME}'
dvidir='${docdir}'
exec_prefix='${prefix}'
host='x86_64-unknown-linux-gnu'
host_alias=''
host_cpu='x86_64'
host_os='linux-gnu'
host_vendor='unknown'
htmldir='${docdir}'
includedir='${prefix}/include'
infodir='${datarootdir}/info'
install_sh='${SHELL} /home/roman/work/nanomsg/install-sh'
libdir='${exec_prefix}/lib'
libexecdir='${exec_prefix}/libexec'
localedir='${datarootdir}/locale'
localstatedir='${prefix}/var'
mandir='${datarootdir}/man'
mkdir_p='$(MKDIR_P)'
oldincludedir='/usr/include'
pdfdir='${docdir}'
prefix='/usr/local'
program_transform_name='s,x,x,'
psdir='${docdir}'
sbindir='${exec_prefix}/sbin'
sharedstatedir='${prefix}/com'
sysconfdir='${prefix}/etc'
target_alias=''

## ----------- ##
## confdefs.h. ##
## ----------- ##

/* confdefs.h */
#define PACKAGE_NAME "nanomsg"
#define PACKAGE_TARNAME "nanomsg"
#define PACKAGE_VERSION "0.8-beta"
#define PACKAGE_STRING "nanomsg 0.8-beta"
#define PACKAGE_BUGREPORT "nanomsg@freelists.org"
#define PACKAGE_URL "http://nanomsg.org/"
#define PACKAGE "nanomsg"
#define VERSION "0.8-beta"
#define NN_HAVE_GCC 1
#define NN_HAVE_LINUX 1
#define HAVE_PTHREAD_PRIO_INHERIT 1
#define STDC_HEADERS 1
#define HAVE_SYS_TYPES_H 1
#define HAVE_SYS_STAT_H 1
#define HAVE_STDLIB_H 1
#define HAVE_STRING_H 1
#define HAVE_MEMORY_H 1
#define HAVE_STRINGS_H 1
#define HAVE_INTTYPES_H 1
#define HAVE_STDINT_H 1
#define HAVE_UNISTD_H 1
#define HAVE_NETINET_IN_H 1
#define HAVE_NETDB_H 1
#define HAVE_ARPA_INET_H 1
#define HAVE_UNISTD_H 1
#define HAVE_SYS_SOCKET_H 1
#define HAVE_SYS_IOCTL_H 1
#define HAVE_STDINT_H 1
#define NN_HAVE_STDINT 1
#define HAVE_EVENTFD 1
#define NN_HAVE_EVENTFD 1
#define HAVE_PIPE 1
#define NN_HAVE_PIPE 1
#define HAVE_PIPE2 1
#define NN_HAVE_PIPE2 1
#define NN_HAVE_CLOCK_MONOTONIC 1
#define HAVE_LIBRT 1
#define HAVE_CLOCK_GETTIME 1
#define HAVE_POLL 1
#define NN_HAVE_POLL 1
#define HAVE_EPOLL_CREATE 1
#define NN_USE_EPOLL 1
#define HAVE_ACCEPT4 1
#define NN_HAVE_ACCEPT4 1
#define NN_HAVE_GETADDRINFO_A 1
#define NN_HAVE_SOCKETPAIR 1
#define NN_HAVE_SEMAPHORE 1
#define NN_HAVE_GCC_ATOMIC_BUILTINS 1
#define NN_HAVE_MSG_CONTROL 1
#define NN_USE_EVENTFD 1
#define HAVE_DLFCN_H 1
#define LT_OBJDIR ".libs/"

configure: exit 0
